2024-07-10 10:16:18,127 INFO  [main] com.tpe.StudentAppWithSpringBootApplication:Starting StudentAppWithSpringBootApplication using Java 17.0.9 on DESKTOP-2V0GJ1I with PID 5808 (D:\StudentApp_WithSpringBoot\target\classes started by Lenovo in D:\StudentApp_WithSpringBoot)
2024-07-10 10:16:18,180 INFO  [main] com.tpe.StudentAppWithSpringBootApplication:No active profile set, falling back to default profiles: default
2024-07-10 10:16:23,394 INFO  [main] org.springframework.data.repository.config.RepositoryConfigurationDelegate:Bootstrapping Spring Data JPA repositories in DEFAULT mode.
2024-07-10 10:16:23,625 INFO  [main] org.springframework.data.repository.config.RepositoryConfigurationDelegate:Finished Spring Data repository scanning in 185 ms. Found 3 JPA repository interfaces.
2024-07-10 10:16:29,514 INFO  [main] org.springframework.boot.web.embedded.tomcat.TomcatWebServer:Tomcat initialized with port(s): 8080 (http)
2024-07-10 10:16:29,544 INFO  [main] org.apache.catalina.core.StandardService:Starting service [Tomcat]
2024-07-10 10:16:29,545 INFO  [main] org.apache.catalina.core.StandardEngine:Starting Servlet engine: [Apache Tomcat/9.0.56]
2024-07-10 10:16:30,096 INFO  [main] org.apache.catalina.core.ContainerBase.[Tomcat].[localhost].[/]:Initializing Spring embedded WebApplicationContext
2024-07-10 10:16:30,096 INFO  [main] org.springframework.boot.web.servlet.context.ServletWebServerApplicationContext:Root WebApplicationContext: initialization completed in 11585 ms
2024-07-10 10:16:37,352 INFO  [main] org.hibernate.jpa.internal.util.LogHelper:HHH000204: Processing PersistenceUnitInfo [name: default]
2024-07-10 10:16:37,771 INFO  [main] org.hibernate.Version:HHH000412: Hibernate ORM core version 5.6.4.Final
2024-07-10 10:16:38,674 INFO  [main] org.hibernate.annotations.common.Version:HCANN000001: Hibernate Commons Annotations {5.1.2.Final}
2024-07-10 10:16:39,198 INFO  [main] com.zaxxer.hikari.HikariDataSource:HikariPool-1 - Starting...
2024-07-10 10:16:39,895 INFO  [main] com.zaxxer.hikari.HikariDataSource:HikariPool-1 - Start completed.
2024-07-10 10:16:39,994 INFO  [main] org.hibernate.dialect.Dialect:HHH000400: Using dialect: org.hibernate.dialect.PostgreSQLDialect
2024-07-10 10:16:44,326 INFO  [main] org.hibernate.engine.transaction.jta.platform.internal.JtaPlatformInitiator:HHH000490: Using JtaPlatform implementation: [org.hibernate.engine.transaction.jta.platform.internal.NoJtaPlatform]
2024-07-10 10:16:44,345 INFO  [main] org.springframework.orm.jpa.LocalContainerEntityManagerFactoryBean:Initialized JPA EntityManagerFactory for persistence unit 'default'
2024-07-10 10:16:46,899 WARN  [main] org.springframework.boot.autoconfigure.orm.jpa.JpaBaseConfiguration$JpaWebConfiguration:spring.jpa.open-in-view is enabled by default. Therefore, database queries may be performed during view rendering. Explicitly configure spring.jpa.open-in-view to disable this warning
2024-07-10 10:16:47,943 INFO  [main] org.springframework.security.web.DefaultSecurityFilterChain:Will secure any request with [org.springframework.security.web.context.request.async.WebAsyncManagerIntegrationFilter@40f15786, org.springframework.security.web.context.SecurityContextPersistenceFilter@eee26bd, org.springframework.security.web.header.HeaderWriterFilter@585672dd, org.springframework.security.web.authentication.logout.LogoutFilter@5b2ade46, org.springframework.security.web.authentication.www.BasicAuthenticationFilter@2823b7c5, org.springframework.security.web.savedrequest.RequestCacheAwareFilter@498f5728, org.springframework.security.web.servletapi.SecurityContextHolderAwareRequestFilter@73b10975, org.springframework.security.web.authentication.AnonymousAuthenticationFilter@72ea6fcb, org.springframework.security.web.session.SessionManagementFilter@6ca30886, org.springframework.security.web.access.ExceptionTranslationFilter@797ee1a9, org.springframework.security.web.access.intercept.AuthorizationFilter@3ee2d546]
2024-07-10 10:16:50,290 INFO  [main] org.springframework.boot.actuate.endpoint.web.EndpointLinksResolver:Exposing 4 endpoint(s) beneath base path '/actuator'
2024-07-10 10:16:50,549 INFO  [main] org.springframework.boot.web.embedded.tomcat.TomcatWebServer:Tomcat started on port(s): 8080 (http) with context path ''
2024-07-10 10:16:50,608 INFO  [main] com.tpe.StudentAppWithSpringBootApplication:Started StudentAppWithSpringBootApplication in 35.426 seconds (JVM running for 37.488)
2024-07-10 10:23:48,222 INFO  [http-nio-8080-exec-2] org.apache.catalina.core.ContainerBase.[Tomcat].[localhost].[/]:Initializing Spring DispatcherServlet 'dispatcherServlet'
2024-07-10 10:29:41,569 INFO  [SpringApplicationShutdownHook] org.springframework.orm.jpa.LocalContainerEntityManagerFactoryBean:Closing JPA EntityManagerFactory for persistence unit 'default'
2024-07-10 10:29:41,580 INFO  [SpringApplicationShutdownHook] com.zaxxer.hikari.HikariDataSource:HikariPool-1 - Shutdown initiated...
2024-07-10 10:29:41,601 INFO  [SpringApplicationShutdownHook] com.zaxxer.hikari.HikariDataSource:HikariPool-1 - Shutdown completed.
